2017-03-17 22:13:13,892 [INFO] sys.version_info(major=2, minor=7, micro=12, releaselevel='final', serial=0)
2017-03-17 22:13:13,892 [INFO] chainer version: 1.21.0
2017-03-17 22:13:13,892 [INFO] cuda: True, cudnn: True
2017-03-17 22:13:13,893 [INFO] Namespace(adam_alpha=0.001, adam_beta1=0.9, adam_beta2=0.999, adam_eps=1e-08, anchor_scales='8,16,32', batchsize=1, epoch=100, feat_stride=16, gpus='0', lr=0.01, lr_decay_freq=10, lr_decay_ratio=0.1, model_file='lib/models/faster_rcnn.py', model_name='FasterRCNN', n_anchors=9, n_classes=20, num_classes=21, opt='Adam', rpn_in_ch=512, rpn_out_ch=512, rpn_sigma=1.0, scale=0.5, scale_jitter=None, seed=1701, shift_jitter=None, show_log_iter=10, sigma=3.0, snapshot_iter=1000, spatial_scale=0.0625, train_anno_dir='data/VOCdevkit/VOC2007/Annotations', train_img_dir='data/VOCdevkit/VOC2007/JPEGImages', train_list_dir='data/VOCdevkit/VOC2007/ImageSets/Main', train_list_suffix='train', trunk_file='lib/models/vgg16.py', trunk_name='VGG16', trunk_param='data/VGG16.model', valid_anno_dir='data/VOCdevkit/VOC2007/Annotations', valid_batchsize=1, valid_freq=1, valid_img_dir='data/VOCdevkit/VOC2007/JPEGImages', valid_list_dir='data/VOCdevkit/VOC2007/ImageSets/Main', valid_list_suffix='val', weight_decay=0.0005)
2017-03-17 22:13:19,767 [INFO] Loading pre-trained trunk parameters...
2017-03-17 22:13:19,852 [INFO] conv1_1/W: (64, 3, 3, 3) <- (64, 3, 3, 3)
2017-03-17 22:13:19,853 [INFO] conv1_1/b: (64,) <- (64,)
2017-03-17 22:13:19,869 [INFO] conv1_2/W: (64, 64, 3, 3) <- (64, 64, 3, 3)
2017-03-17 22:13:19,874 [INFO] conv1_2/b: (64,) <- (64,)
2017-03-17 22:13:19,886 [INFO] conv2_1/W: (128, 64, 3, 3) <- (128, 64, 3, 3)
2017-03-17 22:13:19,900 [INFO] conv2_1/b: (128,) <- (128,)
2017-03-17 22:13:19,908 [INFO] conv2_2/W: (128, 128, 3, 3) <- (128, 128, 3, 3)
2017-03-17 22:13:19,914 [INFO] conv2_2/b: (128,) <- (128,)
2017-03-17 22:13:19,935 [INFO] conv3_1/W: (256, 128, 3, 3) <- (256, 128, 3, 3)
2017-03-17 22:13:19,943 [INFO] conv3_1/b: (256,) <- (256,)
2017-03-17 22:13:19,963 [INFO] conv3_2/W: (256, 256, 3, 3) <- (256, 256, 3, 3)
2017-03-17 22:13:19,979 [INFO] conv3_2/b: (256,) <- (256,)
2017-03-17 22:13:19,997 [INFO] conv3_3/W: (256, 256, 3, 3) <- (256, 256, 3, 3)
2017-03-17 22:13:20,015 [INFO] conv3_3/b: (256,) <- (256,)
2017-03-17 22:13:20,067 [INFO] conv4_1/W: (512, 256, 3, 3) <- (512, 256, 3, 3)
2017-03-17 22:13:20,108 [INFO] conv4_1/b: (512,) <- (512,)
2017-03-17 22:13:20,200 [INFO] conv4_2/W: (512, 512, 3, 3) <- (512, 512, 3, 3)
2017-03-17 22:13:20,266 [INFO] conv4_2/b: (512,) <- (512,)
2017-03-17 22:13:20,368 [INFO] conv4_3/W: (512, 512, 3, 3) <- (512, 512, 3, 3)
2017-03-17 22:13:20,434 [INFO] conv4_3/b: (512,) <- (512,)
2017-03-17 22:13:20,532 [INFO] conv5_1/W: (512, 512, 3, 3) <- (512, 512, 3, 3)
2017-03-17 22:13:20,607 [INFO] conv5_1/b: (512,) <- (512,)
2017-03-17 22:13:20,710 [INFO] conv5_2/W: (512, 512, 3, 3) <- (512, 512, 3, 3)
2017-03-17 22:13:20,776 [INFO] conv5_2/b: (512,) <- (512,)
2017-03-17 22:13:20,879 [INFO] conv5_3/W: (512, 512, 3, 3) <- (512, 512, 3, 3)
2017-03-17 22:13:20,946 [INFO] conv5_3/b: (512,) <- (512,)
